<?xml version="1.0" encoding="UTF-8" ?>
<testsuite tests="4" failures="4" name="io.sealights.javaBuildAgent.test.ArgumentParserTest" time="0.015" errors="0" skipped="0">
  <properties>
    <property name="java.runtime.name" value="Java(TM) SE Runtime Environment"/>
    <property name="sun.boot.library.path" value="C:\Program Files\Java\jdk1.8.0_73\jre\bin"/>
    <property name="java.vm.version" value="25.73-b02"/>
    <property name="java.vm.vendor" value="Oracle Corporation"/>
    <property name="maven.multiModuleProjectDirectory" value="D:\desk\javaArgs"/>
    <property name="java.vendor.url" value="http://java.oracle.com/"/>
    <property name="path.separator" value=";"/>
    <property name="guice.disable.misplaced.annotation.check" value="true"/>
    <property name="java.vm.name" value="Java HotSpot(TM) 64-Bit Server VM"/>
    <property name="file.encoding.pkg" value="sun.io"/>
    <property name="user.script" value=""/>
    <property name="user.country" value="US"/>
    <property name="sun.java.launcher" value="SUN_STANDARD"/>
    <property name="sun.os.patch.level" value=""/>
    <property name="java.vm.specification.name" value="Java Virtual Machine Specification"/>
    <property name="user.dir" value="D:\desk\javaArgs"/>
    <property name="java.runtime.version" value="1.8.0_73-b02"/>
    <property name="java.awt.graphicsenv" value="sun.awt.Win32GraphicsEnvironment"/>
    <property name="java.endorsed.dirs" value="C:\Program Files\Java\jdk1.8.0_73\jre\lib\endorsed"/>
    <property name="os.arch" value="amd64"/>
    <property name="java.io.tmpdir" value="C:\Users\shahar\AppData\Local\Temp\"/>
    <property name="line.separator" value="
"/>
    <property name="java.vm.specification.vendor" value="Oracle Corporation"/>
    <property name="user.variant" value=""/>
    <property name="os.name" value="Windows 10"/>
    <property name="classworlds.conf" value="C:\Program Files\maven\bin\m2.conf"/>
    <property name="sun.jnu.encoding" value="Cp1252"/>
    <property name="java.library.path" value="C:\Program Files\Java\jdk1.8.0_73\bin;C:\WINDOWS\Sun\Java\bin;C:\WINDOWS\system32;C:\WINDOWS;C:\ProgramData\Oracle\Java\javapath;C:\Program Files (x86)\Intel\iCLS Client\;C:\Program Files\Intel\iCLS Client\;C:\Windows\system32;C:\Windows;C:\Windows\System32\Wbem;C:\Windows\System32\WindowsPowerShell\v1.0\;C:\Program Files (x86)\Intel\Intel(R) Management Engine Components\DAL;C:\Program Files\Intel\Intel(R) Management Engine Components\DAL;C:\Program Files (x86)\Intel\Intel(R) Management Engine Components\IPT;C:\Program Files\Intel\Intel(R) Management Engine Components\IPT;C:\Program Files\Intel\WiFi\bin\;C:\Program Files\Common Files\Intel\WirelessCommon\;C:\Program Files (x86)\NVIDIA Corporation\PhysX\Common;C:\Program Files\nodejs\;C:\Program Files\Git\cmd;C:\Program Files (x86)\Skype\Phone\;C:\Program Files\maven\bin;C:\Program Files (x86)\GitExtensions\;C:\WINDOWS\system32;C:\WINDOWS;C:\WINDOWS\System32\Wbem;C:\WINDOWS\System32\WindowsPowerShell\v1.0\;C:\ProgramData\Oracle\Java\javapath;C:\Program Files (x86)\Intel\iCLS Client\;C:\Program Files\Intel\iCLS Client\;C:\Windows\system32;C:\Windows;C:\Windows\System32\Wbem;C:\Windows\System32\WindowsPowerShell\v1.0\;C:\Program Files (x86)\Intel\Intel(R) Management Engine Components\DAL;C:\Program Files\Intel\Intel(R) Management Engine Components\DAL;C:\Program Files (x86)\Intel\Intel(R) Management Engine Components\IPT;C:\Program Files\Intel\Intel(R) Management Engine Components\IPT;C:\Program Files\Intel\WiFi\bin\;C:\Program Files\Common Files\Intel\WirelessCommon\;C:\Program Files (x86)\NVIDIA Corporation\PhysX\Common;C:\Program Files\nodejs\;C:\Program Files\Git\cmd;C:\Program Files (x86)\Skype\Phone\;C:\Program Files\maven\bin;C:\Program Files (x86)\GitExtensions\;C:\Users\shahar\AppData\Roaming\npm;C:\Program Files\apache-maven-3.3.9\apache-maven\src\bin;;."/>
    <property name="java.specification.name" value="Java Platform API Specification"/>
    <property name="java.class.version" value="52.0"/>
    <property name="sun.management.compiler" value="HotSpot 64-Bit Tiered Compilers"/>
    <property name="os.version" value="10.0"/>
    <property name="user.home" value="C:\Users\shahar"/>
    <property name="user.timezone" value="Asia/Jerusalem"/>
    <property name="java.awt.printerjob" value="sun.awt.windows.WPrinterJob"/>
    <property name="java.specification.version" value="1.8"/>
    <property name="file.encoding" value="Cp1252"/>
    <property name="user.name" value="shahar"/>
    <property name="java.class.path" value="C:\Program Files\maven\boot\plexus-classworlds-2.5.2.jar"/>
    <property name="java.vm.specification.version" value="1.8"/>
    <property name="sun.arch.data.model" value="64"/>
    <property name="java.home" value="C:\Program Files\Java\jdk1.8.0_73\jre"/>
    <property name="sun.java.command" value="org.codehaus.plexus.classworlds.launcher.Launcher clean install"/>
    <property name="java.specification.vendor" value="Oracle Corporation"/>
    <property name="user.language" value="en"/>
    <property name="awt.toolkit" value="sun.awt.windows.WToolkit"/>
    <property name="java.vm.info" value="mixed mode"/>
    <property name="java.version" value="1.8.0_73"/>
    <property name="java.ext.dirs" value="C:\Program Files\Java\jdk1.8.0_73\jre\lib\ext;C:\WINDOWS\Sun\Java\lib\ext"/>
    <property name="sun.boot.class.path" value="C:\Program Files\Java\jdk1.8.0_73\jre\lib\resources.jar;C:\Program Files\Java\jdk1.8.0_73\jre\lib\rt.jar;C:\Program Files\Java\jdk1.8.0_73\jre\lib\sunrsasign.jar;C:\Program Files\Java\jdk1.8.0_73\jre\lib\jsse.jar;C:\Program Files\Java\jdk1.8.0_73\jre\lib\jce.jar;C:\Program Files\Java\jdk1.8.0_73\jre\lib\charsets.jar;C:\Program Files\Java\jdk1.8.0_73\jre\lib\jfr.jar;C:\Program Files\Java\jdk1.8.0_73\jre\classes"/>
    <property name="sun.stderr.encoding" value="cp437"/>
    <property name="java.vendor" value="Oracle Corporation"/>
    <property name="maven.home" value="C:\Program Files\maven"/>
    <property name="file.separator" value="\"/>
    <property name="java.vendor.url.bug" value="http://bugreport.sun.com/bugreport/"/>
    <property name="sun.cpu.endian" value="little"/>
    <property name="sun.io.unicode.encoding" value="UnicodeLittle"/>
    <property name="sun.stdout.encoding" value="cp437"/>
    <property name="sun.desktop" value="windows"/>
    <property name="sun.cpu.isalist" value="amd64"/>
  </properties>
  <testcase classname="io.sealights.javaBuildAgent.test.ArgumentParserTest" name="DontGiveModeArgs_shouldGiveHelpText" time="0.015">
    <failure message="
The exception was thrown with the wrong message: expected &quot;Missing required option: javaclassprefix&quot; but got &quot;Missing required options: server, javaclassprefix&quot;" type="org.testng.TestException">org.testng.TestException: 
The exception was thrown with the wrong message: expected &quot;Missing required option: javaclassprefix&quot; but got &quot;Missing required options: server, javaclassprefix&quot;
	at org.testng.internal.Invoker.handleInvocationResults(Invoker.java:1410)
	at org.testng.internal.Invoker.invokeMethod(Invoker.java:722)
	at org.testng.internal.Invoker.invokeTestMethod(Invoker.java:842)
	at org.testng.internal.Invoker.invokeTestMethods(Invoker.java:1166)
	at org.testng.internal.TestMethodWorker.invokeTestMethods(TestMethodWorker.java:125)
	at org.testng.internal.TestMethodWorker.run(TestMethodWorker.java:109)
	at org.testng.TestRunner.runWorkers(TestRunner.java:1178)
	at org.testng.TestRunner.privateRun(TestRunner.java:757)
	at org.testng.TestRunner.run(TestRunner.java:608)
	at org.testng.SuiteRunner.runTest(SuiteRunner.java:334)
	at org.testng.SuiteRunner.runSequentially(SuiteRunner.java:329)
	at org.testng.SuiteRunner.privateRun(SuiteRunner.java:291)
	at org.testng.SuiteRunner.run(SuiteRunner.java:240)
	at org.testng.SuiteRunnerWorker.runSuite(SuiteRunnerWorker.java:52)
	at org.testng.SuiteRunnerWorker.run(SuiteRunnerWorker.java:86)
	at org.testng.TestNG.runSuitesSequentially(TestNG.java:1158)
	at org.testng.TestNG.runSuitesLocally(TestNG.java:1083)
	at org.testng.TestNG.run(TestNG.java:999)
	at org.apache.maven.surefire.testng.TestNGExecutor.run(TestNGExecutor.java:77)
	at org.apache.maven.surefire.testng.TestNGDirectoryTestSuite.execute(TestNGDirectoryTestSuite.java:110)
	at org.apache.maven.surefire.testng.TestNGProvider.invoke(TestNGProvider.java:106)
	at sun.reflect.NativeMethodAccessorImpl.invoke0(Native Method)
	at sun.reflect.NativeMethodAccessorImpl.invoke(NativeMethodAccessorImpl.java:62)
	at sun.reflect.DelegatingMethodAccessorImpl.invoke(DelegatingMethodAccessorImpl.java:43)
	at java.lang.reflect.Method.invoke(Method.java:497)
	at org.apache.maven.surefire.util.ReflectionUtils.invokeMethodWithArray(ReflectionUtils.java:189)
	at org.apache.maven.surefire.booter.ProviderFactory$ProviderProxy.invoke(ProviderFactory.java:165)
	at org.apache.maven.surefire.booter.ProviderFactory.invokeProvider(ProviderFactory.java:85)
	at org.apache.maven.surefire.booter.ForkedBooter.runSuitesInProcess(ForkedBooter.java:115)
	at org.apache.maven.surefire.booter.ForkedBooter.main(ForkedBooter.java:75)
Caused by: org.apache.commons.cli.MissingOptionException: Missing required options: server, javaclassprefix
	at org.apache.commons.cli.DefaultParser.checkRequiredOptions(DefaultParser.java:199)
	at org.apache.commons.cli.DefaultParser.parse(DefaultParser.java:130)
	at org.apache.commons.cli.DefaultParser.parse(DefaultParser.java:76)
	at org.apache.commons.cli.DefaultParser.parse(DefaultParser.java:60)
	at io.sealights.javaBuildAgent.args.ArgsParserWrapper.createConfigArgumentsObject(ArgsParserWrapper.java:47)
	at io.sealights.javaBuildAgent.args.ArgsParserWrapper.getArguments(ArgsParserWrapper.java:31)
	at io.sealights.javaBuildAgent.test.ArgumentParserTest.DontGiveModeArgs_shouldGiveHelpText(ArgumentParserTest.java:64)
	at sun.reflect.NativeMethodAccessorImpl.invoke0(Native Method)
	at sun.reflect.NativeMethodAccessorImpl.invoke(NativeMethodAccessorImpl.java:62)
	at sun.reflect.DelegatingMethodAccessorImpl.invoke(DelegatingMethodAccessorImpl.java:43)
	at java.lang.reflect.Method.invoke(Method.java:497)
	at org.testng.internal.MethodInvocationHelper.invokeMethod(MethodInvocationHelper.java:80)
	at org.testng.internal.Invoker.invokeMethod(Invoker.java:673)
	... 28 more
Caused by: org.apache.commons.cli.MissingOptionException: Missing required options: server, javaclassprefix
	at org.apache.commons.cli.DefaultParser.checkRequiredOptions(DefaultParser.java:199)
	at org.apache.commons.cli.DefaultParser.parse(DefaultParser.java:130)
	at org.apache.commons.cli.DefaultParser.parse(DefaultParser.java:76)
	at org.apache.commons.cli.DefaultParser.parse(DefaultParser.java:60)
	at io.sealights.javaBuildAgent.args.ArgsParserWrapper.createConfigArgumentsObject(ArgsParserWrapper.java:47)
	at io.sealights.javaBuildAgent.args.ArgsParserWrapper.getArguments(ArgsParserWrapper.java:31)
	at io.sealights.javaBuildAgent.test.ArgumentParserTest.DontGiveModeArgs_shouldGiveHelpText(ArgumentParserTest.java:64)
	at sun.reflect.NativeMethodAccessorImpl.invoke0(Native Method)
	at sun.reflect.NativeMethodAccessorImpl.invoke(NativeMethodAccessorImpl.java:62)
	at sun.reflect.DelegatingMethodAccessorImpl.invoke(DelegatingMethodAccessorImpl.java:43)
	at java.lang.reflect.Method.invoke(Method.java:497)
	at org.testng.internal.MethodInvocationHelper.invokeMethod(MethodInvocationHelper.java:80)
	at org.testng.internal.Invoker.invokeMethod(Invoker.java:673)
	... 28 more
</failure>
    <system-out>[log4testng] [debug] log4testng.debug set to true
[log4testng] [debug] Root level logger set to TRACE level.
[log4testng] [debug] logger log4testng.logger.org.testng set to 0 level.
[log4testng] [debug] logger log4testng.logger.org.testng.reporters.EmailableReporter set to 0 level.
[log4testng] [debug] Getting level for logger org.testng.TestNG
[log4testng] [debug] Found level 0 for logger org.testng
[log4testng] [debug] Getting level for logger org.testng.internal.AnnotationTypeEnum
[log4testng] [debug] Found level 0 for logger org.testng
Configuring TestNG with: org.apache.maven.surefire.testng.conf.TestNGMapConfigurator@27fa135a
[log4testng] [debug] Getting level for logger org.testng.reporters.EmailableReporter
[log4testng] [debug] Found level 0 for logger org.testng.reporters.EmailableReporter
</system-out>
  </testcase>
  <testcase classname="io.sealights.javaBuildAgent.test.ArgumentParserTest" name="giveGoodInput" time="0">
    <failure message="Missing required options: server, javaclassprefix" type="org.apache.commons.cli.MissingOptionException">org.apache.commons.cli.MissingOptionException: Missing required options: server, javaclassprefix
	at org.apache.commons.cli.DefaultParser.checkRequiredOptions(DefaultParser.java:199)
	at org.apache.commons.cli.DefaultParser.parse(DefaultParser.java:130)
	at org.apache.commons.cli.DefaultParser.parse(DefaultParser.java:76)
	at org.apache.commons.cli.DefaultParser.parse(DefaultParser.java:60)
	at io.sealights.javaBuildAgent.args.ArgsParserWrapper.createConfigArgumentsObject(ArgsParserWrapper.java:47)
	at io.sealights.javaBuildAgent.args.ArgsParserWrapper.getArguments(ArgsParserWrapper.java:31)
	at io.sealights.javaBuildAgent.test.ArgumentParserTest.giveGoodInput(ArgumentParserTest.java:21)
</failure>
  </testcase>
  <testcase classname="io.sealights.javaBuildAgent.test.ArgumentParserTest" name="givefalseArgument_shouldGetParseException" time="0">
    <failure message="
The exception was thrown with the wrong message: expected &quot;Unrecognized option: -falsearg&quot; but got &quot;Missing required options: server, javaclassprefix&quot;" type="org.testng.TestException">org.testng.TestException: 
The exception was thrown with the wrong message: expected &quot;Unrecognized option: -falsearg&quot; but got &quot;Missing required options: server, javaclassprefix&quot;
	at org.testng.internal.Invoker.handleInvocationResults(Invoker.java:1410)
	at org.testng.internal.Invoker.invokeMethod(Invoker.java:722)
	at org.testng.internal.Invoker.invokeTestMethod(Invoker.java:842)
	at org.testng.internal.Invoker.invokeTestMethods(Invoker.java:1166)
	at org.testng.internal.TestMethodWorker.invokeTestMethods(TestMethodWorker.java:125)
	at org.testng.internal.TestMethodWorker.run(TestMethodWorker.java:109)
	at org.testng.TestRunner.runWorkers(TestRunner.java:1178)
	at org.testng.TestRunner.privateRun(TestRunner.java:757)
	at org.testng.TestRunner.run(TestRunner.java:608)
	at org.testng.SuiteRunner.runTest(SuiteRunner.java:334)
	at org.testng.SuiteRunner.runSequentially(SuiteRunner.java:329)
	at org.testng.SuiteRunner.privateRun(SuiteRunner.java:291)
	at org.testng.SuiteRunner.run(SuiteRunner.java:240)
	at org.testng.SuiteRunnerWorker.runSuite(SuiteRunnerWorker.java:52)
	at org.testng.SuiteRunnerWorker.run(SuiteRunnerWorker.java:86)
	at org.testng.TestNG.runSuitesSequentially(TestNG.java:1158)
	at org.testng.TestNG.runSuitesLocally(TestNG.java:1083)
	at org.testng.TestNG.run(TestNG.java:999)
	at org.apache.maven.surefire.testng.TestNGExecutor.run(TestNGExecutor.java:77)
	at org.apache.maven.surefire.testng.TestNGDirectoryTestSuite.execute(TestNGDirectoryTestSuite.java:110)
	at org.apache.maven.surefire.testng.TestNGProvider.invoke(TestNGProvider.java:106)
	at sun.reflect.NativeMethodAccessorImpl.invoke0(Native Method)
	at sun.reflect.NativeMethodAccessorImpl.invoke(NativeMethodAccessorImpl.java:62)
	at sun.reflect.DelegatingMethodAccessorImpl.invoke(DelegatingMethodAccessorImpl.java:43)
	at java.lang.reflect.Method.invoke(Method.java:497)
	at org.apache.maven.surefire.util.ReflectionUtils.invokeMethodWithArray(ReflectionUtils.java:189)
	at org.apache.maven.surefire.booter.ProviderFactory$ProviderProxy.invoke(ProviderFactory.java:165)
	at org.apache.maven.surefire.booter.ProviderFactory.invokeProvider(ProviderFactory.java:85)
	at org.apache.maven.surefire.booter.ForkedBooter.runSuitesInProcess(ForkedBooter.java:115)
	at org.apache.maven.surefire.booter.ForkedBooter.main(ForkedBooter.java:75)
Caused by: org.apache.commons.cli.MissingOptionException: Missing required options: server, javaclassprefix
	at org.apache.commons.cli.DefaultParser.checkRequiredOptions(DefaultParser.java:199)
	at org.apache.commons.cli.DefaultParser.parse(DefaultParser.java:130)
	at org.apache.commons.cli.DefaultParser.parse(DefaultParser.java:76)
	at org.apache.commons.cli.DefaultParser.parse(DefaultParser.java:60)
	at io.sealights.javaBuildAgent.args.ArgsParserWrapper.createConfigArgumentsObject(ArgsParserWrapper.java:47)
	at io.sealights.javaBuildAgent.args.ArgsParserWrapper.getArguments(ArgsParserWrapper.java:31)
	at io.sealights.javaBuildAgent.test.ArgumentParserTest.givefalseArgument_shouldGetParseException(ArgumentParserTest.java:40)
	at sun.reflect.NativeMethodAccessorImpl.invoke0(Native Method)
	at sun.reflect.NativeMethodAccessorImpl.invoke(NativeMethodAccessorImpl.java:62)
	at sun.reflect.DelegatingMethodAccessorImpl.invoke(DelegatingMethodAccessorImpl.java:43)
	at java.lang.reflect.Method.invoke(Method.java:497)
	at org.testng.internal.MethodInvocationHelper.invokeMethod(MethodInvocationHelper.java:80)
	at org.testng.internal.Invoker.invokeMethod(Invoker.java:673)
	... 28 more
Caused by: org.apache.commons.cli.MissingOptionException: Missing required options: server, javaclassprefix
	at org.apache.commons.cli.DefaultParser.checkRequiredOptions(DefaultParser.java:199)
	at org.apache.commons.cli.DefaultParser.parse(DefaultParser.java:130)
	at org.apache.commons.cli.DefaultParser.parse(DefaultParser.java:76)
	at org.apache.commons.cli.DefaultParser.parse(DefaultParser.java:60)
	at io.sealights.javaBuildAgent.args.ArgsParserWrapper.createConfigArgumentsObject(ArgsParserWrapper.java:47)
	at io.sealights.javaBuildAgent.args.ArgsParserWrapper.getArguments(ArgsParserWrapper.java:31)
	at io.sealights.javaBuildAgent.test.ArgumentParserTest.givefalseArgument_shouldGetParseException(ArgumentParserTest.java:40)
	at sun.reflect.NativeMethodAccessorImpl.invoke0(Native Method)
	at sun.reflect.NativeMethodAccessorImpl.invoke(NativeMethodAccessorImpl.java:62)
	at sun.reflect.DelegatingMethodAccessorImpl.invoke(DelegatingMethodAccessorImpl.java:43)
	at java.lang.reflect.Method.invoke(Method.java:497)
	at org.testng.internal.MethodInvocationHelper.invokeMethod(MethodInvocationHelper.java:80)
	at org.testng.internal.Invoker.invokeMethod(Invoker.java:673)
	... 28 more
</failure>
  </testcase>
  <testcase classname="io.sealights.javaBuildAgent.test.ArgumentParserTest" name="skipRequiredArg_shouldGetParseException" time="0">
    <failure message="
The exception was thrown with the wrong message: expected &quot;Missing required option: javaclassprefix&quot; but got &quot;Missing required options: server, javaclassprefix&quot;" type="org.testng.TestException">org.testng.TestException: 
The exception was thrown with the wrong message: expected &quot;Missing required option: javaclassprefix&quot; but got &quot;Missing required options: server, javaclassprefix&quot;
	at org.testng.internal.Invoker.handleInvocationResults(Invoker.java:1410)
	at org.testng.internal.Invoker.invokeMethod(Invoker.java:722)
	at org.testng.internal.Invoker.invokeTestMethod(Invoker.java:842)
	at org.testng.internal.Invoker.invokeTestMethods(Invoker.java:1166)
	at org.testng.internal.TestMethodWorker.invokeTestMethods(TestMethodWorker.java:125)
	at org.testng.internal.TestMethodWorker.run(TestMethodWorker.java:109)
	at org.testng.TestRunner.runWorkers(TestRunner.java:1178)
	at org.testng.TestRunner.privateRun(TestRunner.java:757)
	at org.testng.TestRunner.run(TestRunner.java:608)
	at org.testng.SuiteRunner.runTest(SuiteRunner.java:334)
	at org.testng.SuiteRunner.runSequentially(SuiteRunner.java:329)
	at org.testng.SuiteRunner.privateRun(SuiteRunner.java:291)
	at org.testng.SuiteRunner.run(SuiteRunner.java:240)
	at org.testng.SuiteRunnerWorker.runSuite(SuiteRunnerWorker.java:52)
	at org.testng.SuiteRunnerWorker.run(SuiteRunnerWorker.java:86)
	at org.testng.TestNG.runSuitesSequentially(TestNG.java:1158)
	at org.testng.TestNG.runSuitesLocally(TestNG.java:1083)
	at org.testng.TestNG.run(TestNG.java:999)
	at org.apache.maven.surefire.testng.TestNGExecutor.run(TestNGExecutor.java:77)
	at org.apache.maven.surefire.testng.TestNGDirectoryTestSuite.execute(TestNGDirectoryTestSuite.java:110)
	at org.apache.maven.surefire.testng.TestNGProvider.invoke(TestNGProvider.java:106)
	at sun.reflect.NativeMethodAccessorImpl.invoke0(Native Method)
	at sun.reflect.NativeMethodAccessorImpl.invoke(NativeMethodAccessorImpl.java:62)
	at sun.reflect.DelegatingMethodAccessorImpl.invoke(DelegatingMethodAccessorImpl.java:43)
	at java.lang.reflect.Method.invoke(Method.java:497)
	at org.apache.maven.surefire.util.ReflectionUtils.invokeMethodWithArray(ReflectionUtils.java:189)
	at org.apache.maven.surefire.booter.ProviderFactory$ProviderProxy.invoke(ProviderFactory.java:165)
	at org.apache.maven.surefire.booter.ProviderFactory.invokeProvider(ProviderFactory.java:85)
	at org.apache.maven.surefire.booter.ForkedBooter.runSuitesInProcess(ForkedBooter.java:115)
	at org.apache.maven.surefire.booter.ForkedBooter.main(ForkedBooter.java:75)
Caused by: org.apache.commons.cli.MissingOptionException: Missing required options: server, javaclassprefix
	at org.apache.commons.cli.DefaultParser.checkRequiredOptions(DefaultParser.java:199)
	at org.apache.commons.cli.DefaultParser.parse(DefaultParser.java:130)
	at org.apache.commons.cli.DefaultParser.parse(DefaultParser.java:76)
	at org.apache.commons.cli.DefaultParser.parse(DefaultParser.java:60)
	at io.sealights.javaBuildAgent.args.ArgsParserWrapper.createConfigArgumentsObject(ArgsParserWrapper.java:47)
	at io.sealights.javaBuildAgent.args.ArgsParserWrapper.getArguments(ArgsParserWrapper.java:31)
	at io.sealights.javaBuildAgent.test.ArgumentParserTest.skipRequiredArg_shouldGetParseException(ArgumentParserTest.java:52)
	at sun.reflect.NativeMethodAccessorImpl.invoke0(Native Method)
	at sun.reflect.NativeMethodAccessorImpl.invoke(NativeMethodAccessorImpl.java:62)
	at sun.reflect.DelegatingMethodAccessorImpl.invoke(DelegatingMethodAccessorImpl.java:43)
	at java.lang.reflect.Method.invoke(Method.java:497)
	at org.testng.internal.MethodInvocationHelper.invokeMethod(MethodInvocationHelper.java:80)
	at org.testng.internal.Invoker.invokeMethod(Invoker.java:673)
	... 28 more
Caused by: org.apache.commons.cli.MissingOptionException: Missing required options: server, javaclassprefix
	at org.apache.commons.cli.DefaultParser.checkRequiredOptions(DefaultParser.java:199)
	at org.apache.commons.cli.DefaultParser.parse(DefaultParser.java:130)
	at org.apache.commons.cli.DefaultParser.parse(DefaultParser.java:76)
	at org.apache.commons.cli.DefaultParser.parse(DefaultParser.java:60)
	at io.sealights.javaBuildAgent.args.ArgsParserWrapper.createConfigArgumentsObject(ArgsParserWrapper.java:47)
	at io.sealights.javaBuildAgent.args.ArgsParserWrapper.getArguments(ArgsParserWrapper.java:31)
	at io.sealights.javaBuildAgent.test.ArgumentParserTest.skipRequiredArg_shouldGetParseException(ArgumentParserTest.java:52)
	at sun.reflect.NativeMethodAccessorImpl.invoke0(Native Method)
	at sun.reflect.NativeMethodAccessorImpl.invoke(NativeMethodAccessorImpl.java:62)
	at sun.reflect.DelegatingMethodAccessorImpl.invoke(DelegatingMethodAccessorImpl.java:43)
	at java.lang.reflect.Method.invoke(Method.java:497)
	at org.testng.internal.MethodInvocationHelper.invokeMethod(MethodInvocationHelper.java:80)
	at org.testng.internal.Invoker.invokeMethod(Invoker.java:673)
	... 28 more
</failure>
  </testcase>
</testsuite>