<?xml version="1.0" encoding="UTF-8"?>
<!-- Generated by org.testng.reporters.JUnitReportReporter -->
<testsuite hostname="DESKTOP-H5E6C4P" name="io.sealights.javaBuildAgent.test.ArgumentParserTest" tests="4" failures="4" timestamp="24 Feb 2016 21:58:42 GMT" time="0.015" errors="0">
  <testcase name="givefalseArgument_shouldGetParseException" time="0.015" classname="io.sealights.javaBuildAgent.test.ArgumentParserTest">
    <failure type="org.testng.TestException" message="
Expected exception org.apache.commons.cli.ParseException but got org.testng.TestException: 
The exception was thrown with the wrong message: expected &quot;Unrecognized option: -falsearg&quot; but got &quot;Missing required options: server, javaclassprefix&quot;">
      <![CDATA[org.testng.TestException: 
Expected exception org.apache.commons.cli.ParseException but got org.testng.TestException: 
The exception was thrown with the wrong message: expected "Unrecognized option: -falsearg" but got "Missing required options: server, javaclassprefix"
	at org.testng.internal.Invoker.handleInvocationResults(Invoker.java:1417)
	at org.testng.internal.Invoker.invokeTestMethods(Invoker.java:1180)
	at org.testng.internal.TestMethodWorker.invokeTestMethods(TestMethodWorker.java:125)
	at org.testng.internal.TestMethodWorker.run(TestMethodWorker.java:109)
	at org.testng.TestRunner.runWorkers(TestRunner.java:1178)
	at org.testng.TestRunner.privateRun(TestRunner.java:757)
	at org.testng.TestRunner.run(TestRunner.java:608)
	at org.testng.SuiteRunner.runTest(SuiteRunner.java:334)
	at org.testng.SuiteRunner.runSequentially(SuiteRunner.java:329)
	at org.testng.SuiteRunner.privateRun(SuiteRunner.java:291)
	at org.testng.SuiteRunner.run(SuiteRunner.java:240)
	at org.testng.SuiteRunnerWorker.runSuite(SuiteRunnerWorker.java:52)
	at org.testng.SuiteRunnerWorker.run(SuiteRunnerWorker.java:86)
	at org.testng.TestNG.runSuitesSequentially(TestNG.java:1158)
	at org.testng.TestNG.runSuitesLocally(TestNG.java:1083)
	at org.testng.TestNG.run(TestNG.java:999)
	at org.apache.maven.surefire.testng.TestNGExecutor.run(TestNGExecutor.java:77)
	at org.apache.maven.surefire.testng.TestNGDirectoryTestSuite.execute(TestNGDirectoryTestSuite.java:110)
	at org.apache.maven.surefire.testng.TestNGProvider.invoke(TestNGProvider.java:106)
	at sun.reflect.NativeMethodAccessorImpl.invoke0(Native Method)
	at sun.reflect.NativeMethodAccessorImpl.invoke(NativeMethodAccessorImpl.java:62)
	at sun.reflect.DelegatingMethodAccessorImpl.invoke(DelegatingMethodAccessorImpl.java:43)
	at java.lang.reflect.Method.invoke(Method.java:497)
	at org.apache.maven.surefire.util.ReflectionUtils.invokeMethodWithArray(ReflectionUtils.java:189)
	at org.apache.maven.surefire.booter.ProviderFactory$ProviderProxy.invoke(ProviderFactory.java:165)
	at org.apache.maven.surefire.booter.ProviderFactory.invokeProvider(ProviderFactory.java:85)
	at org.apache.maven.surefire.booter.ForkedBooter.runSuitesInProcess(ForkedBooter.java:115)
	at org.apache.maven.surefire.booter.ForkedBooter.main(ForkedBooter.java:75)
Caused by: org.testng.TestException: 
The exception was thrown with the wrong message: expected "Unrecognized option: -falsearg" but got "Missing required options: server, javaclassprefix"
	at org.testng.internal.Invoker.handleInvocationResults(Invoker.java:1410)
	at org.testng.internal.Invoker.invokeMethod(Invoker.java:722)
	at org.testng.internal.Invoker.invokeTestMethod(Invoker.java:842)
	at org.testng.internal.Invoker.invokeTestMethods(Invoker.java:1166)
	... 26 more
Caused by: org.apache.commons.cli.MissingOptionException: Missing required options: server, javaclassprefix
	at org.apache.commons.cli.DefaultParser.checkRequiredOptions(DefaultParser.java:199)
	at org.apache.commons.cli.DefaultParser.parse(DefaultParser.java:130)
	at org.apache.commons.cli.DefaultParser.parse(DefaultParser.java:76)
	at org.apache.commons.cli.DefaultParser.parse(DefaultParser.java:60)
	at io.sealights.javaBuildAgent.args.ArgsParserWrapper.createConfigArgumentsObject(ArgsParserWrapper.java:47)
	at io.sealights.javaBuildAgent.args.ArgsParserWrapper.getArguments(ArgsParserWrapper.java:31)
	at io.sealights.javaBuildAgent.test.ArgumentParserTest.givefalseArgument_shouldGetParseException(ArgumentParserTest.java:40)
	at sun.reflect.NativeMethodAccessorImpl.invoke0(Native Method)
	at sun.reflect.NativeMethodAccessorImpl.invoke(NativeMethodAccessorImpl.java:62)
	at sun.reflect.DelegatingMethodAccessorImpl.invoke(DelegatingMethodAccessorImpl.java:43)
	at java.lang.reflect.Method.invoke(Method.java:497)
	at org.testng.internal.MethodInvocationHelper.invokeMethod(MethodInvocationHelper.java:80)
	at org.testng.internal.Invoker.invokeMethod(Invoker.java:673)
	... 28 more
]]>
    </failure>
  </testcase>
  <testcase name="DontGiveModeArgs_shouldGiveHelpText" time="0.000" classname="io.sealights.javaBuildAgent.test.ArgumentParserTest">
    <failure type="org.testng.TestException" message="
Expected exception org.apache.commons.cli.ParseException but got org.testng.TestException: 
The exception was thrown with the wrong message: expected &quot;Missing required option: javaclassprefix&quot; but got &quot;Missing required options: server, javaclassprefix&quot;">
      <![CDATA[org.testng.TestException: 
Expected exception org.apache.commons.cli.ParseException but got org.testng.TestException: 
The exception was thrown with the wrong message: expected "Missing required option: javaclassprefix" but got "Missing required options: server, javaclassprefix"
	at org.testng.internal.Invoker.handleInvocationResults(Invoker.java:1417)
	at org.testng.internal.Invoker.invokeTestMethods(Invoker.java:1180)
	at org.testng.internal.TestMethodWorker.invokeTestMethods(TestMethodWorker.java:125)
	at org.testng.internal.TestMethodWorker.run(TestMethodWorker.java:109)
	at org.testng.TestRunner.runWorkers(TestRunner.java:1178)
	at org.testng.TestRunner.privateRun(TestRunner.java:757)
	at org.testng.TestRunner.run(TestRunner.java:608)
	at org.testng.SuiteRunner.runTest(SuiteRunner.java:334)
	at org.testng.SuiteRunner.runSequentially(SuiteRunner.java:329)
	at org.testng.SuiteRunner.privateRun(SuiteRunner.java:291)
	at org.testng.SuiteRunner.run(SuiteRunner.java:240)
	at org.testng.SuiteRunnerWorker.runSuite(SuiteRunnerWorker.java:52)
	at org.testng.SuiteRunnerWorker.run(SuiteRunnerWorker.java:86)
	at org.testng.TestNG.runSuitesSequentially(TestNG.java:1158)
	at org.testng.TestNG.runSuitesLocally(TestNG.java:1083)
	at org.testng.TestNG.run(TestNG.java:999)
	at org.apache.maven.surefire.testng.TestNGExecutor.run(TestNGExecutor.java:77)
	at org.apache.maven.surefire.testng.TestNGDirectoryTestSuite.execute(TestNGDirectoryTestSuite.java:110)
	at org.apache.maven.surefire.testng.TestNGProvider.invoke(TestNGProvider.java:106)
	at sun.reflect.NativeMethodAccessorImpl.invoke0(Native Method)
	at sun.reflect.NativeMethodAccessorImpl.invoke(NativeMethodAccessorImpl.java:62)
	at sun.reflect.DelegatingMethodAccessorImpl.invoke(DelegatingMethodAccessorImpl.java:43)
	at java.lang.reflect.Method.invoke(Method.java:497)
	at org.apache.maven.surefire.util.ReflectionUtils.invokeMethodWithArray(ReflectionUtils.java:189)
	at org.apache.maven.surefire.booter.ProviderFactory$ProviderProxy.invoke(ProviderFactory.java:165)
	at org.apache.maven.surefire.booter.ProviderFactory.invokeProvider(ProviderFactory.java:85)
	at org.apache.maven.surefire.booter.ForkedBooter.runSuitesInProcess(ForkedBooter.java:115)
	at org.apache.maven.surefire.booter.ForkedBooter.main(ForkedBooter.java:75)
Caused by: org.testng.TestException: 
The exception was thrown with the wrong message: expected "Missing required option: javaclassprefix" but got "Missing required options: server, javaclassprefix"
	at org.testng.internal.Invoker.handleInvocationResults(Invoker.java:1410)
	at org.testng.internal.Invoker.invokeMethod(Invoker.java:722)
	at org.testng.internal.Invoker.invokeTestMethod(Invoker.java:842)
	at org.testng.internal.Invoker.invokeTestMethods(Invoker.java:1166)
	... 26 more
Caused by: org.apache.commons.cli.MissingOptionException: Missing required options: server, javaclassprefix
	at org.apache.commons.cli.DefaultParser.checkRequiredOptions(DefaultParser.java:199)
	at org.apache.commons.cli.DefaultParser.parse(DefaultParser.java:130)
	at org.apache.commons.cli.DefaultParser.parse(DefaultParser.java:76)
	at org.apache.commons.cli.DefaultParser.parse(DefaultParser.java:60)
	at io.sealights.javaBuildAgent.args.ArgsParserWrapper.createConfigArgumentsObject(ArgsParserWrapper.java:47)
	at io.sealights.javaBuildAgent.args.ArgsParserWrapper.getArguments(ArgsParserWrapper.java:31)
	at io.sealights.javaBuildAgent.test.ArgumentParserTest.DontGiveModeArgs_shouldGiveHelpText(ArgumentParserTest.java:64)
	at sun.reflect.NativeMethodAccessorImpl.invoke0(Native Method)
	at sun.reflect.NativeMethodAccessorImpl.invoke(NativeMethodAccessorImpl.java:62)
	at sun.reflect.DelegatingMethodAccessorImpl.invoke(DelegatingMethodAccessorImpl.java:43)
	at java.lang.reflect.Method.invoke(Method.java:497)
	at org.testng.internal.MethodInvocationHelper.invokeMethod(MethodInvocationHelper.java:80)
	at org.testng.internal.Invoker.invokeMethod(Invoker.java:673)
	... 28 more
]]>
    </failure>
  </testcase>
  <testcase name="skipRequiredArg_shouldGetParseException" time="0.000" classname="io.sealights.javaBuildAgent.test.ArgumentParserTest">
    <failure type="org.testng.TestException" message="
Expected exception org.apache.commons.cli.ParseException but got org.testng.TestException: 
The exception was thrown with the wrong message: expected &quot;Missing required option: javaclassprefix&quot; but got &quot;Missing required options: server, javaclassprefix&quot;">
      <![CDATA[org.testng.TestException: 
Expected exception org.apache.commons.cli.ParseException but got org.testng.TestException: 
The exception was thrown with the wrong message: expected "Missing required option: javaclassprefix" but got "Missing required options: server, javaclassprefix"
	at org.testng.internal.Invoker.handleInvocationResults(Invoker.java:1417)
	at org.testng.internal.Invoker.invokeTestMethods(Invoker.java:1180)
	at org.testng.internal.TestMethodWorker.invokeTestMethods(TestMethodWorker.java:125)
	at org.testng.internal.TestMethodWorker.run(TestMethodWorker.java:109)
	at org.testng.TestRunner.runWorkers(TestRunner.java:1178)
	at org.testng.TestRunner.privateRun(TestRunner.java:757)
	at org.testng.TestRunner.run(TestRunner.java:608)
	at org.testng.SuiteRunner.runTest(SuiteRunner.java:334)
	at org.testng.SuiteRunner.runSequentially(SuiteRunner.java:329)
	at org.testng.SuiteRunner.privateRun(SuiteRunner.java:291)
	at org.testng.SuiteRunner.run(SuiteRunner.java:240)
	at org.testng.SuiteRunnerWorker.runSuite(SuiteRunnerWorker.java:52)
	at org.testng.SuiteRunnerWorker.run(SuiteRunnerWorker.java:86)
	at org.testng.TestNG.runSuitesSequentially(TestNG.java:1158)
	at org.testng.TestNG.runSuitesLocally(TestNG.java:1083)
	at org.testng.TestNG.run(TestNG.java:999)
	at org.apache.maven.surefire.testng.TestNGExecutor.run(TestNGExecutor.java:77)
	at org.apache.maven.surefire.testng.TestNGDirectoryTestSuite.execute(TestNGDirectoryTestSuite.java:110)
	at org.apache.maven.surefire.testng.TestNGProvider.invoke(TestNGProvider.java:106)
	at sun.reflect.NativeMethodAccessorImpl.invoke0(Native Method)
	at sun.reflect.NativeMethodAccessorImpl.invoke(NativeMethodAccessorImpl.java:62)
	at sun.reflect.DelegatingMethodAccessorImpl.invoke(DelegatingMethodAccessorImpl.java:43)
	at java.lang.reflect.Method.invoke(Method.java:497)
	at org.apache.maven.surefire.util.ReflectionUtils.invokeMethodWithArray(ReflectionUtils.java:189)
	at org.apache.maven.surefire.booter.ProviderFactory$ProviderProxy.invoke(ProviderFactory.java:165)
	at org.apache.maven.surefire.booter.ProviderFactory.invokeProvider(ProviderFactory.java:85)
	at org.apache.maven.surefire.booter.ForkedBooter.runSuitesInProcess(ForkedBooter.java:115)
	at org.apache.maven.surefire.booter.ForkedBooter.main(ForkedBooter.java:75)
Caused by: org.testng.TestException: 
The exception was thrown with the wrong message: expected "Missing required option: javaclassprefix" but got "Missing required options: server, javaclassprefix"
	at org.testng.internal.Invoker.handleInvocationResults(Invoker.java:1410)
	at org.testng.internal.Invoker.invokeMethod(Invoker.java:722)
	at org.testng.internal.Invoker.invokeTestMethod(Invoker.java:842)
	at org.testng.internal.Invoker.invokeTestMethods(Invoker.java:1166)
	... 26 more
Caused by: org.apache.commons.cli.MissingOptionException: Missing required options: server, javaclassprefix
	at org.apache.commons.cli.DefaultParser.checkRequiredOptions(DefaultParser.java:199)
	at org.apache.commons.cli.DefaultParser.parse(DefaultParser.java:130)
	at org.apache.commons.cli.DefaultParser.parse(DefaultParser.java:76)
	at org.apache.commons.cli.DefaultParser.parse(DefaultParser.java:60)
	at io.sealights.javaBuildAgent.args.ArgsParserWrapper.createConfigArgumentsObject(ArgsParserWrapper.java:47)
	at io.sealights.javaBuildAgent.args.ArgsParserWrapper.getArguments(ArgsParserWrapper.java:31)
	at io.sealights.javaBuildAgent.test.ArgumentParserTest.skipRequiredArg_shouldGetParseException(ArgumentParserTest.java:52)
	at sun.reflect.NativeMethodAccessorImpl.invoke0(Native Method)
	at sun.reflect.NativeMethodAccessorImpl.invoke(NativeMethodAccessorImpl.java:62)
	at sun.reflect.DelegatingMethodAccessorImpl.invoke(DelegatingMethodAccessorImpl.java:43)
	at java.lang.reflect.Method.invoke(Method.java:497)
	at org.testng.internal.MethodInvocationHelper.invokeMethod(MethodInvocationHelper.java:80)
	at org.testng.internal.Invoker.invokeMethod(Invoker.java:673)
	... 28 more
]]>
    </failure>
  </testcase>
  <testcase name="giveGoodInput" time="0.000" classname="io.sealights.javaBuildAgent.test.ArgumentParserTest">
    <failure type="org.apache.commons.cli.MissingOptionException" message="Missing required options: server, javaclassprefix">
      <![CDATA[org.apache.commons.cli.MissingOptionException: Missing required options: server, javaclassprefix
	at org.apache.commons.cli.DefaultParser.checkRequiredOptions(DefaultParser.java:199)
	at org.apache.commons.cli.DefaultParser.parse(DefaultParser.java:130)
	at org.apache.commons.cli.DefaultParser.parse(DefaultParser.java:76)
	at org.apache.commons.cli.DefaultParser.parse(DefaultParser.java:60)
	at io.sealights.javaBuildAgent.args.ArgsParserWrapper.createConfigArgumentsObject(ArgsParserWrapper.java:47)
	at io.sealights.javaBuildAgent.args.ArgsParserWrapper.getArguments(ArgsParserWrapper.java:31)
	at io.sealights.javaBuildAgent.test.ArgumentParserTest.giveGoodInput(ArgumentParserTest.java:21)
	at sun.reflect.NativeMethodAccessorImpl.invoke0(Native Method)
	at sun.reflect.NativeMethodAccessorImpl.invoke(NativeMethodAccessorImpl.java:62)
	at sun.reflect.DelegatingMethodAccessorImpl.invoke(DelegatingMethodAccessorImpl.java:43)
	at java.lang.reflect.Method.invoke(Method.java:497)
	at org.testng.internal.MethodInvocationHelper.invokeMethod(MethodInvocationHelper.java:80)
	at org.testng.internal.Invoker.invokeMethod(Invoker.java:673)
	at org.testng.internal.Invoker.invokeTestMethod(Invoker.java:842)
	at org.testng.internal.Invoker.invokeTestMethods(Invoker.java:1166)
	at org.testng.internal.TestMethodWorker.invokeTestMethods(TestMethodWorker.java:125)
	at org.testng.internal.TestMethodWorker.run(TestMethodWorker.java:109)
	at org.testng.TestRunner.runWorkers(TestRunner.java:1178)
	at org.testng.TestRunner.privateRun(TestRunner.java:757)
	at org.testng.TestRunner.run(TestRunner.java:608)
	at org.testng.SuiteRunner.runTest(SuiteRunner.java:334)
	at org.testng.SuiteRunner.runSequentially(SuiteRunner.java:329)
	at org.testng.SuiteRunner.privateRun(SuiteRunner.java:291)
	at org.testng.SuiteRunner.run(SuiteRunner.java:240)
	at org.testng.SuiteRunnerWorker.runSuite(SuiteRunnerWorker.java:52)
	at org.testng.SuiteRunnerWorker.run(SuiteRunnerWorker.java:86)
	at org.testng.TestNG.runSuitesSequentially(TestNG.java:1158)
	at org.testng.TestNG.runSuitesLocally(TestNG.java:1083)
	at org.testng.TestNG.run(TestNG.java:999)
	at org.apache.maven.surefire.testng.TestNGExecutor.run(TestNGExecutor.java:77)
	at org.apache.maven.surefire.testng.TestNGDirectoryTestSuite.execute(TestNGDirectoryTestSuite.java:110)
	at org.apache.maven.surefire.testng.TestNGProvider.invoke(TestNGProvider.java:106)
	at sun.reflect.NativeMethodAccessorImpl.invoke0(Native Method)
	at sun.reflect.NativeMethodAccessorImpl.invoke(NativeMethodAccessorImpl.java:62)
	at sun.reflect.DelegatingMethodAccessorImpl.invoke(DelegatingMethodAccessorImpl.java:43)
	at java.lang.reflect.Method.invoke(Method.java:497)
	at org.apache.maven.surefire.util.ReflectionUtils.invokeMethodWithArray(ReflectionUtils.java:189)
	at org.apache.maven.surefire.booter.ProviderFactory$ProviderProxy.invoke(ProviderFactory.java:165)
	at org.apache.maven.surefire.booter.ProviderFactory.invokeProvider(ProviderFactory.java:85)
	at org.apache.maven.surefire.booter.ForkedBooter.runSuitesInProcess(ForkedBooter.java:115)
	at org.apache.maven.surefire.booter.ForkedBooter.main(ForkedBooter.java:75)
]]>
    </failure>
  </testcase>
</testsuite>
